<?xml version="1.0" encoding="UTF-8"?>
<testsuite xmlns:xsi="http://www.w3.org/2001/XMLSchema-instance" xsi:noNamespaceSchemaLocation="https://maven.apache.org/surefire/maven-surefire-plugin/xsd/surefire-test-report-3.0.xsd" version="3.0" name="com.example.springdoc.sdk.plugin.sdk.SpringDocSdkGeneratorMojoTest" time="0.441" tests="3" errors="0" skipped="0" failures="0">
  <properties>
[...]
</properties>
  <testcase name="testExecute" classname="com.example.springdoc.sdk.plugin.sdk.SpringDocSdkGeneratorMojoTest" time="0.353">
    <system-out><![CDATA[[info] Generating SDK from OpenAPI specification: /var/folders/pq/tnsjfyys0d5csh3dwxdgq8s00000gn/T/junit10649205982404599365/openapi.yaml
[info] Generator name: java
[info] Template directory: default
[info] Additional properties: {apiPackage=com.example.api, modelPackage=com.example.model}
################################################################################
# Thanks for using OpenAPI Generator.                                          #
# Please consider donation to help us maintain this project 🙏                 #
# https://opencollective.com/openapi_generator/donate                          #
################################################################################
]]></system-out>
    <system-err><![CDATA[SLF4J: No SLF4J providers were found.
SLF4J: Defaulting to no-operation (NOP) logger implementation
SLF4J: See https://www.slf4j.org/codes.html#noProviders for further details.
SLF4J: Class path contains SLF4J bindings targeting slf4j-api versions 1.7.x or earlier.
SLF4J: Ignoring binding found at [jar:file:/Users/paul/.m2/repository/org/slf4j/slf4j-simple/1.7.36/slf4j-simple-1.7.36.jar!/org/slf4j/impl/StaticLoggerBinder.class]
SLF4J: See https://www.slf4j.org/codes.html#ignoredBindings for an explanation.
]]></system-err>
  </testcase>
  <testcase name="testExecuteWithInvalidTemplateDir" classname="com.example.springdoc.sdk.plugin.sdk.SpringDocSdkGeneratorMojoTest" time="0.001">
    <system-out><![CDATA[[info] Generating SDK from OpenAPI specification: /var/folders/pq/tnsjfyys0d5csh3dwxdgq8s00000gn/T/junit7486028666198974165/openapi.yaml
[info] Generator name: java
[info] Template directory: /Users/paul/Code/Projects/springDocGenerator-plugin/sdk-generator/nonexistent
[info] Additional properties: {apiPackage=com.example.api, modelPackage=com.example.model}
]]></system-out>
  </testcase>
  <testcase name="testExecuteWithInvalidGeneratorName" classname="com.example.springdoc.sdk.plugin.sdk.SpringDocSdkGeneratorMojoTest" time="0.077">
    <system-out><![CDATA[[info] Generating SDK from OpenAPI specification: /var/folders/pq/tnsjfyys0d5csh3dwxdgq8s00000gn/T/junit17345627889773258281/openapi.yaml
[info] Generator name: nonexistent
[info] Template directory: default
[info] Additional properties: {apiPackage=com.example.api, modelPackage=com.example.model}
]]></system-out>
  </testcase>
</testsuite>