<?xml version="1.0" encoding="UTF-8"?>
<testsuite xmlns:xsi="http://www.w3.org/2001/XMLSchema-instance" xsi:noNamespaceSchemaLocation="https://maven.apache.org/surefire/maven-surefire-plugin/xsd/surefire-test-report-3.0.xsd" version="3.0" name="com.example.springdoc.sdk.plugin.core.SpringDocSdkPluginTest" time="0.053" tests="9" errors="0" skipped="0" failures="0">
  <properties>
[...]
</properties>
  <testcase name="testExecute" classname="com.example.springdoc.sdk.plugin.core.SpringDocSdkPluginTest" time="0.029">
    <system-out><![CDATA[[info] Generating SDK and documentation from OpenAPI specification: /var/folders/pq/tnsjfyys0d5csh3dwxdgq8s00000gn/T/junit4026347602163269890/openapi.yaml
[info] Output directory: /var/folders/pq/tnsjfyys0d5csh3dwxdgq8s00000gn/T/junit4026347602163269890/output
[info] Language: java
[info] Config options: null
[info] Generator config: null
]]></system-out>
  </testcase>
  <testcase name="testExecuteWithInvalidOutputDirectory" classname="com.example.springdoc.sdk.plugin.core.SpringDocSdkPluginTest" time="0.001"/>
  <testcase name="testExecuteWithInvalidLanguage" classname="com.example.springdoc.sdk.plugin.core.SpringDocSdkPluginTest" time="0.002"/>
  <testcase name="testExecuteWithInvalidOpenApiSpec" classname="com.example.springdoc.sdk.plugin.core.SpringDocSdkPluginTest" time="0.001"/>
  <testcase name="testExecuteWithNullLanguage" classname="com.example.springdoc.sdk.plugin.core.SpringDocSdkPluginTest" time="0.001"/>
  <testcase name="testExecuteWithNullOutputDirectory" classname="com.example.springdoc.sdk.plugin.core.SpringDocSdkPluginTest" time="0.001"/>
  <testcase name="testExecuteWithNullOpenApiSpec" classname="com.example.springdoc.sdk.plugin.core.SpringDocSdkPluginTest" time="0.001"/>
  <testcase name="testExecuteWithGeneratorConfig" classname="com.example.springdoc.sdk.plugin.core.SpringDocSdkPluginTest" time="0.001">
    <system-out><![CDATA[[info] Generating SDK and documentation from OpenAPI specification: /var/folders/pq/tnsjfyys0d5csh3dwxdgq8s00000gn/T/junit12114337655844721706/openapi.yaml
[info] Output directory: /var/folders/pq/tnsjfyys0d5csh3dwxdgq8s00000gn/T/junit12114337655844721706/output
[info] Language: java
[info] Config options: null
[info] Generator config: {library=resttemplate, dateLibrary=java8}
]]></system-out>
  </testcase>
  <testcase name="testExecuteWithNullGeneratorConfig" classname="com.example.springdoc.sdk.plugin.core.SpringDocSdkPluginTest" time="0.001">
    <system-out><![CDATA[[info] Generating SDK and documentation from OpenAPI specification: /var/folders/pq/tnsjfyys0d5csh3dwxdgq8s00000gn/T/junit6163681370488808848/openapi.yaml
[info] Output directory: /var/folders/pq/tnsjfyys0d5csh3dwxdgq8s00000gn/T/junit6163681370488808848/output
[info] Language: java
[info] Config options: null
[info] Generator config: null
]]></system-out>
  </testcase>
</testsuite>